107.64 33.01 70.03 101.34 152.78 169.49 200.16
106.10 31.16 70.28 100.61 149.95 164.08 188.70
105.26 30.90 69.83 100.05 149.15 163.02 188.28
105.01 30.60 69.68 100.13 148.30 161.95 187.15
104.95 30.65 69.61 100.13 148.29 162.06 186.92
104.84 30.56 69.53 100.20 147.72 161.70 186.88
104.46 30.42 69.37 99.89 147.23 161.03 186.36
104.45 30.43 69.32 99.92 147.39 161.11 186.21
104.44 30.40 69.26 100.02 147.46 161.14 186.01
104.45 30.49 69.29 99.96 147.69 161.74 186.30
113.50 34.26 73.30 109.35 159.71 178.80 204.50
110.30 33.65 71.58 104.86 156.10 175.37 201.88
109.07 33.10 70.78 103.78 155.18 171.58 198.27
108.04 32.55 70.34 102.82 153.66 169.40 195.31
107.36 32.43 69.93 102.12 153.09 168.81 193.94
106.91 32.19 69.87 101.50 152.40 167.98 192.00
106.33 31.94 69.59 100.92 151.71 166.90 189.48
105.96 31.83 69.39 100.60 151.20 166.40 189.18
105.79 31.79 69.28 100.47 151.15 166.22 188.75
105.44 31.69 69.16 99.99 150.81 165.73 188.17
148.24 45.40 94.59 145.59 202.83 229.91 304.79
108.79 34.02 70.44 103.70 153.72 171.31 200.58
106.70 32.43 69.60 101.85 150.72 166.45 189.07
105.81 31.92 69.14 100.98 149.68 165.00 187.32
105.85 31.73 69.08 101.21 149.90 164.28 186.95
105.70 31.74 69.08 100.89 149.82 164.27 187.01
105.30 31.74 68.78 100.43 149.60 164.04 186.89
105.31 31.62 68.87 100.39 149.58 163.93 186.91
105.35 31.73 68.83 100.36 149.81 164.47 187.23
105.24 31.63 68.79 100.32 149.62 164.19 187.06
107.83 35.00 70.16 100.57 154.20 174.56 209.42
103.89 31.90 68.82 98.12 147.45 163.88 196.09
102.70 31.07 68.79 96.74 145.41 160.64 191.97
102.24 30.33 68.84 96.46 143.59 157.94 187.94
101.76 29.94 68.62 96.01 142.52 155.67 186.46
101.75 29.87 68.49 96.18 142.36 155.83 185.43
101.58 29.90 68.26 95.97 142.62 156.22 185.03
101.43 29.87 68.15 95.83 142.45 156.23 184.84
101.52 29.96 68.08 95.92 143.05 156.85 184.84
101.44 29.90 68.04 95.81 142.78 156.81 184.49
113.39 34.45 74.60 107.01 160.80 179.37 204.75
107.01 31.82 70.41 100.90 151.57 166.99 189.04
106.85 31.33 70.46 101.41 151.06 165.99 188.19
105.84 31.01 69.85 100.79 149.51 164.09 187.83
105.40 30.86 69.63 100.58 148.89 163.56 187.33
105.36 30.86 69.58 100.57 148.92 163.85 187.43
105.15 30.80 69.48 100.42 148.80 163.33 187.25
105.06 30.86 69.38 100.31 148.83 163.18 187.37
104.82 30.71 69.35 100.14 148.35 162.53 186.73
104.77 30.73 69.27 100.16 148.22 162.30 186.59
76.70 13.12 65.91 73.72 91.54 101.59 134.68
76.28 12.10 65.73 73.61 90.49 99.96 124.12
75.86 11.46 65.40 73.35 89.00 98.48 119.52
75.88 19.76 65.31 73.24 88.15 97.60 118.30
75.83 18.30 65.37 73.27 87.94 97.04 118.41
75.64 17.18 65.23 73.06 87.92 96.88 117.12
75.60 16.38 65.24 72.99 87.96 96.86 116.82
75.48 15.69 65.23 72.86 87.87 96.60 116.51
75.67 23.69 65.07 72.78 87.81 96.43 116.44
75.54 22.70 65.02 72.73 87.65 96.19 116.00
75.46 21.83 64.99 72.69 87.55 96.07 115.85
75.37 21.05 64.98 72.68 87.42 95.83 115.28
75.29 20.40 64.94 72.64 87.30 95.69 115.01
75.25 19.84 64.96 72.61 87.27 95.64 114.94
75.26 19.36 64.96 72.64 87.26 95.61 115.19
75.28 19.04 64.96 72.67 87.34 95.65 115.05
75.28 18.65 64.99 72.70 87.38 95.67 114.96
75.33 18.32 65.01 72.73 87.46 95.74 115.29
75.30 17.99 65.02 72.74 87.42 95.74 115.20
75.32 17.71 65.05 72.74 87.45 95.90 115.45
75.33 17.48 65.04 72.75 87.46 95.97 115.58
75.33 17.22 65.05 72.76 87.46 95.96 115.60
75.36 16.99 65.07 72.79 87.51 96.02 115.75
75.45 19.00 65.08 72.81 87.54 96.07 115.83
75.48 18.75 65.09 72.84 87.62 96.19 116.04
75.53 18.52 65.15 72.89 87.66 96.26 116.27
75.53 18.29 65.13 72.92 87.67 96.25 116.18
75.53 18.06 65.14 72.92 87.70 96.27 116.16
75.53 17.85 65.14 72.94 87.71 96.28 116.13
75.54 17.66 65.14 72.94 87.74 96.33 116.08
108.28 32.52 70.96 103.00 152.24 171.07 202.57
107.24 31.54 70.19 102.32 151.14 166.48 189.86
107.18 31.45 70.25 102.33 150.99 166.18 188.28
106.66 31.29 69.95 102.01 150.68 165.41 187.67
106.50 31.27 69.85 101.86 150.32 165.06 187.75
106.27 31.36 69.72 101.50 150.35 165.04 188.38
105.92 31.26 69.59 101.19 149.89 164.59 187.98
105.62 31.19 69.41 101.01 149.44 164.23 187.77
105.40 31.04 69.30 100.90 148.75 163.45 187.41
105.35 31.02 69.30 100.77 148.76 163.43 187.21
80.78 14.78 67.04 77.32 99.50 109.79 141.44
75.56 10.82 64.82 73.16 88.17 97.93 116.19
75.16 10.59 64.36 72.75 87.68 96.81 115.33
75.02 10.42 64.32 72.69 87.36 96.07 115.35
75.20 11.62 64.49 72.73 87.64 96.40 115.72
75.30 11.50 64.55 72.82 87.73 96.61 116.28
75.48 11.49 64.74 73.02 87.98 96.90 116.98
75.53 11.43 64.72 73.06 88.09 96.90 117.02
75.68 17.07 64.69 73.05 88.13 96.94 117.00
75.61 16.47 64.64 72.97 88.18 96.90 116.63
75.49 15.92 64.61 72.93 87.98 96.68 116.38
75.45 15.52 64.61 72.89 87.99 96.70 116.28
75.50 16.21 64.64 72.88 87.97 96.69 116.66
75.41 15.79 64.63 72.82 87.83 96.43 116.26
75.35 15.45 64.58 72.76 87.83 96.42 116.18
75.24 15.13 64.54 72.70 87.66 96.21 115.87
75.15 14.84 64.52 72.65 87.53 96.07 115.56
75.09 14.60 64.50 72.59 87.45 95.99 115.42
75.09 14.62 64.51 72.59 87.44 95.99 115.45
75.02 14.38 64.52 72.54 87.34 95.79 115.14
74.97 14.18 64.53 72.51 87.26 95.64 114.95
74.92 14.01 64.50 72.49 87.19 95.54 114.69
74.91 13.84 64.50 72.49 87.17 95.52 114.53
74.86 13.66 64.49 72.47 87.11 95.39 114.30
74.84 13.59 64.50 72.46 87.06 95.32 114.22
74.80 13.43 64.49 72.44 87.00 95.21 113.99
74.79 13.32 64.48 72.43 86.99 95.22 114.03
74.79 13.24 64.46 72.41 87.04 95.26 114.07
74.78 13.14 64.45 72.41 87.04 95.23 114.06
74.80 13.05 64.45 72.42 87.08 95.27 114.08
127.76 38.26 78.99 126.14 178.91 195.61 231.58
111.96 32.96 72.97 106.41 155.70 170.37 204.73
115.69 35.28 73.52 111.14 164.33 180.19 206.09
109.67 33.25 71.48 104.02 154.99 172.65 197.77
107.35 32.28 70.07 101.88 151.54 168.16 192.69
106.30 31.67 69.84 100.94 149.79 165.81 189.06
105.56 31.40 69.35 100.39 148.97 164.42 188.32
104.64 31.15 68.90 99.47 147.98 162.96 187.29
104.37 30.94 68.90 99.26 147.72 162.36 186.79
104.04 30.82 68.87 98.94 147.35 161.65 186.54
103.74 30.78 68.76 98.63 146.99 161.11 186.30
103.39 30.75 68.54 98.37 146.80 160.60 186.02
76.29 11.29 65.90 73.88 88.11 99.74 121.07
75.25 10.43 65.16 72.88 87.16 96.07 116.61
74.99 10.27 64.96 72.67 86.94 95.75 115.58
74.87 10.07 64.89 72.54 86.98 95.60 114.13
74.78 10.07 64.78 72.43 87.04 95.63 113.62
74.80 10.14 64.73 72.40 87.15 95.76 113.77
74.68 9.99 64.69 72.36 86.94 95.29 112.82
74.65 9.99 64.66 72.35 86.79 95.12 113.27
74.78 11.60 64.73 72.41 86.88 95.23 113.88
74.82 11.43 64.79 72.44 86.98 95.22 113.84
74.84 11.32 64.80 72.47 86.97 95.21 113.77
74.91 11.33 64.82 72.51 87.11 95.45 114.26
74.92 11.25 64.84 72.52 87.21 95.50 114.09
74.91 11.15 64.87 72.53 87.17 95.45 114.11
74.91 11.08 64.83 72.53 87.21 95.45 114.05
74.95 11.16 64.83 72.56 87.29 95.52 114.37
74.95 11.08 64.83 72.58 87.27 95.47 114.35
74.94 11.01 64.81 72.58 87.24 95.38 114.32
74.95 10.99 64.80 72.59 87.28 95.41 114.53
74.96 10.96 64.80 72.58 87.27 95.39 114.72
74.94 10.91 64.81 72.58 87.25 95.36 114.60
74.94 10.89 64.78 72.59 87.26 95.44 114.61
74.94 11.40 64.81 72.58 87.22 95.34 114.42
74.96 11.39 64.79 72.58 87.25 95.43 114.55
74.94 11.34 64.76 72.58 87.22 95.40 114.47
74.94 11.30 64.75 72.58 87.23 95.40 114.49
74.93 11.27 64.74 72.57 87.23 95.43 114.48
74.96 11.25 64.75 72.58 87.29 95.53 114.60
75.01 12.58 64.76 72.60 87.34 95.64 114.74
75.04 12.53 64.78 72.63 87.39 95.72 114.79
129.22 36.42 83.22 128.26 176.23 194.54 230.82
111.48 33.01 71.91 107.90 155.42 171.83 202.55
109.68 31.91 71.50 105.79 153.41 168.32 191.85
109.23 31.50 71.73 105.06 152.99 167.73 188.89
108.18 31.17 71.14 104.08 151.59 166.20 188.08
107.34 31.07 70.65 103.03 150.87 165.40 187.60
106.95 30.99 70.53 102.60 150.49 165.13 187.58
106.50 30.88 70.29 102.18 149.92 164.46 187.19
106.22 30.85 70.21 101.76 149.82 164.42 186.99
105.96 30.87 69.99 101.48 149.55 164.25 187.06
77.32 13.49 65.87 74.22 92.34 103.51 136.66
75.63 11.56 64.83 73.07 88.61 96.77 121.58
75.31 10.89 64.93 72.80 87.90 96.18 116.53
75.29 10.72 64.96 72.85 87.85 95.83 116.27
75.17 10.49 64.87 72.82 87.57 95.59 115.57
75.17 10.54 64.80 72.78 87.66 95.87 115.66
75.09 10.47 64.67 72.73 87.64 95.86 115.16
74.98 10.44 64.54 72.67 87.46 95.69 115.28
75.00 11.01 64.59 72.66 87.39 95.59 115.31
74.99 10.96 64.58 72.69 87.39 95.54 115.02
74.98 10.99 64.49 72.63 87.42 95.70 115.52
74.95 10.87 64.50 72.63 87.38 95.54 115.07
74.98 10.85 64.52 72.65 87.44 95.62 115.18
74.97 10.80 64.54 72.67 87.40 95.58 115.18
75.01 10.86 64.54 72.69 87.42 95.63 115.28
74.97 10.79 64.55 72.67 87.34 95.48 115.14
74.96 10.83 64.53 72.64 87.32 95.45 115.18
74.96 10.83 64.50 72.63 87.35 95.57 115.43
74.99 10.85 64.53 72.64 87.42 95.69 115.68
75.04 10.88 64.53 72.66 87.54 95.88 115.81
75.04 10.85 64.55 72.67 87.52 95.82 115.79
75.01 10.80 64.55 72.66 87.47 95.77 115.66
74.98 10.77 64.53 72.63 87.43 95.73 115.73
74.98 10.72 64.52 72.64 87.42 95.72 115.51
75.01 10.93 64.54 72.65 87.47 95.78 115.72
74.98 10.87 64.56 72.63 87.40 95.68 115.53
74.97 10.85 64.58 72.62 87.36 95.63 115.52
74.95 10.81 64.58 72.62 87.31 95.55 115.41
74.95 10.77 64.59 72.62 87.29 95.53 115.29
74.93 10.73 64.59 72.60 87.25 95.47 115.18
127.08 37.51 79.11 125.88 177.22 189.48 226.71
116.38 34.10 74.03 113.67 162.03 178.33 204.62
114.99 33.16 73.82 112.04 159.93 175.05 201.82
113.47 32.71 73.25 110.20 157.66 172.28 199.11
112.48 32.47 73.11 108.77 156.82 171.67 196.80
111.56 32.22 72.90 107.57 155.64 170.65 194.82
110.99 32.00 72.53 106.78 154.74 169.75 194.25
110.37 31.86 72.13 106.11 154.20 168.98 192.86
109.99 31.86 71.91 105.72 153.94 168.86 193.16
109.41 31.74 71.48 105.23 153.23 168.08 191.44
76.24 12.82 65.46 73.03 90.50 101.87 127.88
75.26 11.21 64.97 72.69 87.55 96.91 120.64
75.28 10.81 65.01 72.81 87.56 96.39 117.64
75.27 11.13 64.92 72.81 87.54 96.52 117.68
75.24 11.05 64.77 72.79 87.58 96.66 117.39
75.24 10.95 64.74 72.82 87.65 96.63 116.86
75.20 10.82 64.79 72.79 87.60 96.56 116.46
75.30 14.37 64.78 72.76 87.67 96.57 116.43
75.21 13.97 64.70 72.72 87.52 96.35 116.41
75.17 13.58 64.71 72.74 87.34 96.19 116.03
75.40 21.75 64.77 72.73 87.38 96.40 115.95
75.40 21.35 64.79 72.70 87.39 96.44 116.21
75.39 20.82 64.77 72.66 87.46 96.45 116.53
75.30 20.22 64.76 72.61 87.34 96.26 116.45
75.26 19.70 64.78 72.60 87.27 96.15 116.38
75.27 19.27 64.78 72.62 87.34 96.23 116.39
75.29 19.42 64.79 72.63 87.32 96.08 116.18
75.25 19.02 64.78 72.61 87.29 95.98 116.02
75.21 18.65 64.74 72.59 87.28 95.96 115.86
75.20 18.33 64.75 72.60 87.27 95.89 115.78
75.19 18.04 64.76 72.60 87.26 95.91 115.84
75.19 17.78 64.75 72.60 87.29 95.95 115.91
75.16 17.50 64.75 72.59 87.28 95.83 115.71
75.18 17.27 64.79 72.61 87.35 95.92 115.68
75.22 17.06 64.80 72.64 87.46 96.12 115.81
75.24 16.88 64.79 72.65 87.52 96.19 115.92
75.25 16.70 64.78 72.66 87.55 96.25 115.98
75.25 16.52 64.78 72.66 87.56 96.25 115.98
75.27 16.36 64.82 72.69 87.57 96.25 116.10
75.29 16.20 64.83 72.70 87.60 96.27 116.08
119.93 34.69 76.78 116.62 167.82 184.55 213.94
113.20 32.68 73.44 109.11 155.91 173.22 204.16
110.90 31.85 72.32 106.41 154.06 169.66 197.69
109.77 31.80 71.40 105.39 153.16 168.79 196.83
109.20 31.65 71.22 104.79 152.58 168.17 194.81
108.70 31.49 71.01 104.18 152.09 167.36 192.74
108.11 31.50 70.62 103.57 151.79 166.71 191.78
107.78 31.38 70.41 103.37 151.35 166.04 190.23
107.49 31.42 70.29 103.06 151.23 165.84 189.35
107.67 31.48 70.28 103.29 151.36 166.03 189.40
106.21 45.28 74.87 94.91 144.09 181.32 326.71
96.46 34.11 72.11 86.32 131.13 155.51 225.85
98.36 71.99 71.58 85.50 129.74 154.07 235.00
96.90 62.18 71.45 85.32 128.06 152.07 233.41
96.25 56.58 71.34 85.30 127.75 150.65 227.21
95.56 52.21 71.27 85.27 126.75 148.99 223.58
96.58 67.34 71.33 85.26 126.41 148.91 227.95
96.34 65.23 71.30 85.21 126.23 149.03 227.18
96.13 62.40 71.37 85.25 125.89 148.28 227.99
96.01 60.00 71.25 85.27 126.05 148.78 226.83
96.06 58.80 71.17 85.25 126.51 149.48 229.19
95.89 56.87 71.17 85.18 126.73 149.83 228.77
96.00 56.78 71.22 85.23 126.63 149.94 231.44
95.84 55.38 71.21 85.16 126.46 149.81 230.90
95.75 54.01 71.26 85.20 126.60 149.62 228.30
95.69 52.87 71.21 85.21 126.69 149.79 228.76
95.47 51.66 71.15 85.20 126.33 149.06 227.13
95.39 50.71 71.17 85.21 126.34 148.92 226.30
95.27 49.74 71.16 85.17 126.27 148.89 224.72
95.17 48.86 71.17 85.18 126.13 148.59 223.80
95.15 48.12 71.20 85.20 126.16 148.60 223.77
95.15 47.66 71.19 85.20 126.20 148.65 224.89
95.19 47.72 71.18 85.18 126.29 149.06 226.28
95.12 47.08 71.17 85.18 126.15 148.86 225.97
95.07 46.47 71.16 85.18 126.20 148.87 224.80
94.98 45.89 71.15 85.16 126.11 148.69 223.43
94.87 45.35 71.12 85.12 125.90 148.52 222.99
94.93 45.13 71.13 85.14 126.02 148.80 224.71
94.97 44.95 71.15 85.15 126.04 148.93 225.59
94.93 44.58 71.14 85.12 126.03 148.99 225.36
120.07 34.43 76.73 116.62 166.65 183.40 213.61
112.87 32.18 73.62 109.23 154.70 170.52 199.62
111.52 32.04 72.75 107.23 154.44 169.60 196.58
109.53 31.41 71.66 105.28 152.48 166.89 191.02
108.21 31.58 70.68 103.83 151.83 166.19 190.00
107.55 31.40 70.51 103.23 151.02 165.53 188.84
107.11 31.33 70.19 102.92 150.58 164.98 188.30
106.79 31.25 70.07 102.56 150.34 164.61 188.16
106.42 31.17 69.94 102.11 150.04 164.24 187.69
106.14 31.14 69.75 101.80 149.77 163.98 187.44
121.16 60.19 83.10 106.15 154.47 213.16 544.80
97.51 45.09 71.00 86.22 129.03 155.37 260.00
95.67 38.24 70.39 85.42 129.27 153.32 240.21
100.50 94.70 70.43 85.12 129.63 156.78 288.01
98.61 84.18 70.54 84.80 128.18 153.22 265.11
97.17 76.05 70.52 84.67 127.06 149.99 244.55
96.71 71.66 70.54 84.70 126.72 149.46 243.25
96.63 71.57 70.54 84.54 126.50 149.41 245.35
96.06 68.00 70.52 84.50 125.87 148.34 241.15
95.67 64.94 70.50 84.51 125.37 147.61 237.82
95.41 62.47 70.43 84.48 125.29 147.17 236.33
95.18 60.32 70.38 84.42 125.13 147.27 236.19
94.86 58.24 70.37 84.37 124.73 146.80 231.70
94.69 56.55 70.36 84.38 124.53 146.56 229.25
94.57 55.15 70.37 84.38 124.43 146.64 228.83
94.45 53.83 70.37 84.38 124.40 146.43 227.67
94.42 52.80 70.34 84.38 124.53 146.88 226.83
94.29 51.72 70.38 84.35 124.32 146.55 225.36
94.19 50.74 70.37 84.34 124.26 146.45 224.73
94.12 49.87 70.38 84.35 124.33 146.42 223.83
94.01 49.03 70.39 84.35 124.15 146.16 222.17
93.99 48.34 70.42 84.38 124.11 145.99 222.16
93.96 47.92 70.41 84.37 123.96 145.81 222.63
93.92 47.31 70.41 84.36 123.95 145.87 222.98
93.89 46.83 70.40 84.37 123.93 145.77 222.27
93.89 46.58 70.38 84.37 123.92 145.94 221.99
93.86 46.13 70.37 84.37 123.93 145.99 221.50
93.85 45.60 70.37 84.39 124.01 146.02 221.10
93.85 45.29 70.38 84.40 124.00 146.16 221.44
93.84 44.86 70.39 84.42 123.98 146.20 220.71
